<?xml version="1.0" encoding="UTF-8"?>
<testsuites name="Mocha Tests" time="4.940" tests="6" failures="0">
  <testsuite name="Root Suite" timestamp="2023-04-18T17:36:31" tests="0" file="cypress/e2e/2-advanced-examples/misc.cy.js" time="0.000" failures="0">
  </testsuite>
  <testsuite name="Misc" timestamp="2023-04-18T17:36:31" tests="4" time="0.000" failures="0">
    <testcase name="Misc .end() - end the command chain" time="0.259" classname=".end() - end the command chain">
    </testcase>
    <testcase name="Misc cy.exec() - execute a system command" time="1.585" classname="cy.exec() - execute a system command">
    </testcase>
    <testcase name="Misc cy.focused() - get the DOM element that has focus" time="0.209" classname="cy.focused() - get the DOM element that has focus">
    </testcase>
    <testcase name="Misc cy.wrap() - wrap an object" time="0.062" classname="cy.wrap() - wrap an object">
    </testcase>
  </testsuite>
  <testsuite name="Cypress.Screenshot" timestamp="2023-04-18T17:36:34" tests="2" time="2.092" failures="0">
    <testcase name="Misc Cypress.Screenshot cy.screenshot() - take a screenshot" time="2.029" classname="cy.screenshot() - take a screenshot">
    </testcase>
    <testcase name="Misc Cypress.Screenshot Cypress.Screenshot.defaults() - change default config of screenshots" time="0.048" classname="Cypress.Screenshot.defaults() - change default config of screenshots">
    </testcase>
  </testsuite>
</testsuites>